Using pre-set license
Built from '2020.3/staging' branch; Version is '2020.3.4f1 (0abb6314276a) revision 703331'; Using compiler version '192528614'; Build Type 'Release'
OS: 'Windows 10 Pro; OS build 19042.928; Version 2009; 64bit' Language: 'en' Physical Memory: 4017 MB
BatchMode: 1, IsHumanControllingUs: 0, StartBugReporterOnCrash: 0, Is64bit: 1, IsPro: 0

 COMMAND LINE ARGUMENTS:
C:\Program Files\Unity\Hub\Editor\2020.3.4f1\Editor\Unity.exe
-adb2
-batchMode
-noUpm
-name
AssetImportWorker1
-projectPath
C:/Users/Lindsey/New Unity Project
-logFile
Logs/AssetImportWorker1.log
-srvPort
53356
Successfully changed project path to: C:/Users/Lindsey/New Unity Project
C:/Users/Lindsey/New Unity Project
Using Asset Import Pipeline V2.
Refreshing native plugins compatible for Editor in 52.44 ms, found 0 plugins.
Preloading 0 native plugins for Editor in 0.00 ms.
Initialize engine version: 2020.3.4f1 (0abb6314276a)
[Subsystems] Discovering subsystems at path C:/Program Files/Unity/Hub/Editor/2020.3.4f1/Editor/Data/Resources/UnitySubsystems
[Subsystems] Discovering subsystems at path C:/Users/Lindsey/New Unity Project/Assets
GfxDevice: creating device client; threaded=0
Direct3D:
    Version:  Direct3D 11.0 [level 11.1]
    Renderer: Intel(R) HD Graphics 520 (ID=0x1916)
    Vendor:   
    VRAM:     2008 MB
    Driver:   24.20.100.6299
Initialize mono
Mono path[0] = 'C:/Program Files/Unity/Hub/Editor/2020.3.4f1/Editor/Data/Managed'
Mono path[1] = 'C:/Program Files/Unity/Hub/Editor/2020.3.4f1/Editor/Data/MonoBleedingEdge/lib/mono/unityjit'
Mono config path = 'C:/Program Files/Unity/Hub/Editor/2020.3.4f1/Editor/Data/MonoBleedingEdge/etc'
Using monoOptions --debugger-agent=transport=dt_socket,embedding=1,server=y,suspend=n,address=127.0.0.1:56776
Begin MonoManager ReloadAssembly
Registering precompiled unity dll's ...
Register platform support module: C:/Program Files/Unity/Hub/Editor/2020.3.4f1/Editor/Data/PlaybackEngines/MacStandaloneSupport/UnityEditor.OSXStandalone.Extensions.dll
Register platform support module: C:/Program Files/Unity/Hub/Editor/2020.3.4f1/Editor/Data/PlaybackEngines/WindowsStandaloneSupport/UnityEditor.WindowsStandalone.Extensions.dll
Register platform support module: C:/Program Files/Unity/Hub/Editor/2020.3.4f1/Editor/Data/PlaybackEngines/LinuxStandaloneSupport/UnityEditor.LinuxStandalone.Extensions.dll
Registered in 0.005231 seconds.
Native extension for LinuxStandalone target not found
Native extension for WindowsStandalone target not found
Native extension for OSXStandalone target not found
Refreshing native plugins compatible for Editor in 52.25 ms, found 0 plugins.
Preloading 0 native plugins for Editor in 0.00 ms.
Mono: successfully reloaded assembly
- Completed reload, in  4.846 seconds
Platform modules already initialized, skipping
Registering precompiled user dll's ...
Registered in 0.001616 seconds.
Begin MonoManager ReloadAssembly
Native extension for LinuxStandalone target not found
Native extension for WindowsStandalone target not found
Native extension for OSXStandalone target not found
Refreshing native plugins compatible for Editor in 0.59 ms, found 0 plugins.
Preloading 0 native plugins for Editor in 0.00 ms.
Mono: successfully reloaded assembly
- Completed reload, in  4.017 seconds
Platform modules already initialized, skipping
========================================================================
Worker process is ready to serve import requests
Launched and connected shader compiler UnityShaderCompiler.exe after 0.25 seconds
Refreshing native plugins compatible for Editor in 0.35 ms, found 0 plugins.
Preloading 0 native plugins for Editor in 0.00 ms.
Unloading 1116 Unused Serialized files (Serialized files now loaded: 0)
System memory in use before: 57.9 MB.
System memory in use after: 57.9 MB.

Unloading 10 unused Assets to reduce memory usage. Loaded Objects now: 1562.
Total: 3.573100 ms (FindLiveObjects: 0.275600 ms CreateObjectMapping: 0.079400 ms MarkObjects: 3.053200 ms  DeleteObjects: 0.162600 ms)

========================================================================
Received Import Request.
  path: Assets/ikeaassetscolors.png
  artifactKey: Guid(4a761255a3404c24d83b6d14a87f5494) Importer(815301076,1909f56bfc062723c751e8b465ee728b)
Start importing Assets/ikeaassetscolors.png using Guid(4a761255a3404c24d83b6d14a87f5494) Importer(815301076,1909f56bfc062723c751e8b465ee728b)  -> (artifact id: '5a16946bc2893da686d4a0efca1e2214') in 0.359948 seconds
  Import took 0.484049 seconds .

========================================================================
Received Import Request.
  Time since last request: 0.015997 seconds.
  path: Assets/ikea_sign.fbx
  artifactKey: Guid(a4b6e54b0ae5b1043b307fa17781a650) Importer(815301076,1909f56bfc062723c751e8b465ee728b)
Start importing Assets/ikea_sign.fbx using Guid(a4b6e54b0ae5b1043b307fa17781a650) Importer(815301076,1909f56bfc062723c751e8b465ee728b)  -> (artifact id: 'e721b5d52c2ed5aa1ec974b54cfc47db') in 1.097149 seconds
  Import took 1.107686 seconds .

========================================================================
Received Import Request.
  Time since last request: 0.000496 seconds.
  path: Assets/ikeasignface.png
  artifactKey: Guid(ad167b430adf89849a83baa91e3ca575) Importer(815301076,1909f56bfc062723c751e8b465ee728b)
Start importing Assets/ikeasignface.png using Guid(ad167b430adf89849a83baa91e3ca575) Importer(815301076,1909f56bfc062723c751e8b465ee728b)  -> (artifact id: '648b18e46e6bd88ce79b8803b1c20343') in 0.033338 seconds
  Import took 0.039003 seconds .

========================================================================
Received Import Request.
  Time since last request: 0.001396 seconds.
  path: Assets/ikea_sign.blend
  artifactKey: Guid(43e339224dbb98a44862a6f64a760139) Importer(815301076,1909f56bfc062723c751e8b465ee728b)
Start importing Assets/ikea_sign.blend using Guid(43e339224dbb98a44862a6f64a760139) Importer(815301076,1909f56bfc062723c751e8b465ee728b)  -> (artifact id: '6fb1661aee52d2264c03db6fd57ba021') in 0.014455 seconds
  Import took 0.020732 seconds .

========================================================================
Received Prepare
Registering precompiled user dll's ...
Registered in 0.000971 seconds.
Begin MonoManager ReloadAssembly
Native extension for LinuxStandalone target not found
Native extension for WindowsStandalone target not found
Native extension for OSXStandalone target not found
Refreshing native plugins compatible for Editor in 0.38 ms, found 0 plugins.
Preloading 0 native plugins for Editor in 0.00 ms.
Mono: successfully reloaded assembly
- Completed reload, in  1.678 seconds
Platform modules already initialized, skipping
Refreshing native plugins compatible for Editor in 0.24 ms, found 0 plugins.
Preloading 0 native plugins for Editor in 0.00 ms.
Unloading 1111 Unused Serialized files (Serialized files now loaded: 0)
System memory in use before: 61.3 MB.
System memory in use after: 61.4 MB.

Unloading 6 unused Assets to reduce memory usage. Loaded Objects now: 1610.
Total: 2.441800 ms (FindLiveObjects: 0.171700 ms CreateObjectMapping: 0.051500 ms MarkObjects: 2.141400 ms  DeleteObjects: 0.075600 ms)

========================================================================
Received Prepare
Registering precompiled user dll's ...
Registered in 0.006172 seconds.
Begin MonoManager ReloadAssembly
Native extension for LinuxStandalone target not found
Native extension for WindowsStandalone target not found
Native extension for OSXStandalone target not found
Refreshing native plugins compatible for Editor in 1.43 ms, found 0 plugins.
Preloading 0 native plugins for Editor in 0.00 ms.
Mono: successfully reloaded assembly
- Completed reload, in  4.459 seconds
Platform modules already initialized, skipping
Refreshing native plugins compatible for Editor in 0.64 ms, found 0 plugins.
Preloading 0 native plugins for Editor in 0.00 ms.
Unloading 1111 Unused Serialized files (Serialized files now loaded: 0)
System memory in use before: 61.3 MB.
System memory in use after: 61.4 MB.

Unloading 5 unused Assets to reduce memory usage. Loaded Objects now: 1613.
Total: 10.128500 ms (FindLiveObjects: 0.732600 ms CreateObjectMapping: 0.121500 ms MarkObjects: 8.882800 ms  DeleteObjects: 0.377200 ms)

========================================================================
Received Import Request.
  Time since last request: 10035.294847 seconds.
  path: Assets/Materials/61edc83f847b775028c6eb1936375a9a.mat
  artifactKey: Guid(66d52466122b3da4880bcab875505fa3) Importer(815301076,1909f56bfc062723c751e8b465ee728b)
Start importing Assets/Materials/61edc83f847b775028c6eb1936375a9a.mat using Guid(66d52466122b3da4880bcab875505fa3) Importer(815301076,1909f56bfc062723c751e8b465ee728b)  -> (artifact id: '37e939f028157074887a50c18ef82b17') in 0.241325 seconds
  Import took 0.249987 seconds .

========================================================================
Received Prepare
Registering precompiled user dll's ...
Registered in 0.001062 seconds.
Begin MonoManager ReloadAssembly
Native extension for LinuxStandalone target not found
Native extension for WindowsStandalone target not found
Native extension for OSXStandalone target not found
Refreshing native plugins compatible for Editor in 59.31 ms, found 0 plugins.
Preloading 0 native plugins for Editor in 0.00 ms.
Mono: successfully reloaded assembly
- Completed reload, in  1.781 seconds
Platform modules already initialized, skipping
Refreshing native plugins compatible for Editor in 0.44 ms, found 0 plugins.
Preloading 0 native plugins for Editor in 0.00 ms.
Unloading 1219 Unused Serialized files (Serialized files now loaded: 0)
System memory in use before: 64.9 MB.
System memory in use after: 65.0 MB.

Unloading 5 unused Assets to reduce memory usage. Loaded Objects now: 1725.
Total: 3.279900 ms (FindLiveObjects: 0.218600 ms CreateObjectMapping: 0.067400 ms MarkObjects: 2.902400 ms  DeleteObjects: 0.089400 ms)

========================================================================
Received Import Request.
  Time since last request: 745.419580 seconds.
  path: Assets/Assets.index
  artifactKey: Guid(a81a32f4c126bf1459e0a03a01032e5e) Importer(815301076,1909f56bfc062723c751e8b465ee728b)
Start importing Assets/Assets.index using Guid(a81a32f4c126bf1459e0a03a01032e5e) Importer(815301076,1909f56bfc062723c751e8b465ee728b)  -> (artifact id: 'a982ed8a9d94957e0020515550929b99') in 0.118034 seconds
  Import took 0.124859 seconds .

========================================================================
Received Import Request.
  Time since last request: 7.622914 seconds.
  path: Packages/com.unity.collab-proxy/Editor/Assets/Layouts/ProgressView.uxml
  artifactKey: Guid(1843aad8dcbe848439d6a090c4ebe8e2) Importer(815301076,1909f56bfc062723c751e8b465ee728b)
Start importing Packages/com.unity.collab-proxy/Editor/Assets/Layouts/ProgressView.uxml using Guid(1843aad8dcbe848439d6a090c4ebe8e2) Importer(815301076,1909f56bfc062723c751e8b465ee728b)  -> (artifact id: 'a2e67fe6939285f36962e9216b775130') in 0.041496 seconds
  Import took 0.045394 seconds .

========================================================================
Received Import Request.
  Time since last request: 0.000374 seconds.
  path: Packages/com.unity.collab-proxy/Editor/Models/Providers
  artifactKey: Guid(5077039f5f09867409f4d38400d486b8) Importer(815301076,1909f56bfc062723c751e8b465ee728b)
Start importing Packages/com.unity.collab-proxy/Editor/Models/Providers using Guid(5077039f5f09867409f4d38400d486b8) Importer(815301076,1909f56bfc062723c751e8b465ee728b)  -> (artifact id: 'ec4f5221e7980723b36c01f8141bd8f9') in 0.020190 seconds
  Import took 0.024684 seconds .

========================================================================
Received Import Request.
  Time since last request: 0.000806 seconds.
  path: Packages/com.unity.collab-proxy/Editor/Models/Structures/ProgressInfo.cs
  artifactKey: Guid(f7de8279b79bd9143a9285439fdd6218) Importer(815301076,1909f56bfc062723c751e8b465ee728b)
Start importing Packages/com.unity.collab-proxy/Editor/Models/Structures/ProgressInfo.cs using Guid(f7de8279b79bd9143a9285439fdd6218) Importer(815301076,1909f56bfc062723c751e8b465ee728b)  -> (artifact id: 'd0a39f64550c8a9a351e82cc528323bc') in 0.055823 seconds
  Import took 0.062467 seconds .

========================================================================
Received Import Request.
  Time since last request: 0.001213 seconds.
  path: Packages/com.unity.collab-proxy/Editor/Models/Api/ISourceControlProvider.cs
  artifactKey: Guid(c09dfd4388accab4b956bcef16d321a1) Importer(815301076,1909f56bfc062723c751e8b465ee728b)
Start importing Packages/com.unity.collab-proxy/Editor/Models/Api/ISourceControlProvider.cs using Guid(c09dfd4388accab4b956bcef16d321a1) Importer(815301076,1909f56bfc062723c751e8b465ee728b)  -> (artifact id: 'aeaa00d4a6489f0f8da3468f6b9852e4') in 0.020572 seconds
  Import took 0.026266 seconds .

========================================================================
Received Import Request.
  Time since last request: 0.000298 seconds.
  path: Packages/com.unity.collab-proxy/Editor/Components/ProgressView.cs
  artifactKey: Guid(1c5685731ccadae4aa67597f51dd494d) Importer(815301076,1909f56bfc062723c751e8b465ee728b)
Start importing Packages/com.unity.collab-proxy/Editor/Components/ProgressView.cs using Guid(1c5685731ccadae4aa67597f51dd494d) Importer(815301076,1909f56bfc062723c751e8b465ee728b)  -> (artifact id: '3dcc59e9863a6d7622bf1381df94bd60') in 0.014266 seconds
  Import took 0.020671 seconds .

========================================================================
Received Import Request.
  Time since last request: 0.000579 seconds.
  path: Packages/com.unity.collab-proxy/Editor/Presenters
  artifactKey: Guid(0cff47e28e2fe1041ac0f32522078b2c) Importer(815301076,1909f56bfc062723c751e8b465ee728b)
Start importing Packages/com.unity.collab-proxy/Editor/Presenters using Guid(0cff47e28e2fe1041ac0f32522078b2c) Importer(815301076,1909f56bfc062723c751e8b465ee728b)  -> (artifact id: '0688d1b0f55ddcf99d6b843f06b47a1f') in 0.019043 seconds
  Import took 0.028315 seconds .

========================================================================
Received Import Request.
  Time since last request: 0.000122 seconds.
  path: Packages/com.unity.collab-proxy/Editor/Assets/Styles/ProgressView.uss
  artifactKey: Guid(6057b0c434179144c9316241a7bc8f2f) Importer(815301076,1909f56bfc062723c751e8b465ee728b)
Start importing Packages/com.unity.collab-proxy/Editor/Assets/Styles/ProgressView.uss using Guid(6057b0c434179144c9316241a7bc8f2f) Importer(815301076,1909f56bfc062723c751e8b465ee728b)  -> (artifact id: '9be2a80a5bfe2221601a1b5716563357') in 0.024892 seconds
  Import took 0.029127 seconds .

========================================================================
Received Import Request.
  Time since last request: 0.000353 seconds.
  path: Packages/com.unity.collab-proxy/Editor/Models/Enums/ProjectStatus.cs
  artifactKey: Guid(021989652c46434d98428c7e02cb8ab8) Importer(815301076,1909f56bfc062723c751e8b465ee728b)
Start importing Packages/com.unity.collab-proxy/Editor/Models/Enums/ProjectStatus.cs using Guid(021989652c46434d98428c7e02cb8ab8) Importer(815301076,1909f56bfc062723c751e8b465ee728b)  -> (artifact id: '1eb94273cc17dbb151d53f6862d21c26') in 0.010569 seconds
  Import took 0.015461 seconds .

========================================================================
Received Import Request.
  Time since last request: 0.000282 seconds.
  path: Packages/com.unity.collab-proxy/Editor/Presenters/ChangesPresenter.cs
  artifactKey: Guid(1116c8f7471936c498ab2c999c915d62) Importer(815301076,1909f56bfc062723c751e8b465ee728b)
Start importing Packages/com.unity.collab-proxy/Editor/Presenters/ChangesPresenter.cs using Guid(1116c8f7471936c498ab2c999c915d62) Importer(815301076,1909f56bfc062723c751e8b465ee728b)  -> (artifact id: '0ddd76539d036d462e4eed8c25983ad2') in 0.012776 seconds
  Import took 0.017014 seconds .

========================================================================
Received Import Request.
  Time since last request: 0.000724 seconds.
  path: Packages/com.unity.timeline/Runtime/Playables/PrefabControlPlayable.cs
  artifactKey: Guid(439c018cf4619e94d9a92110ce0aa188) Importer(815301076,1909f56bfc062723c751e8b465ee728b)
Start importing Packages/com.unity.timeline/Runtime/Playables/PrefabControlPlayable.cs using Guid(439c018cf4619e94d9a92110ce0aa188) Importer(815301076,1909f56bfc062723c751e8b465ee728b)  -> (artifact id: '39c0d665a1d5cb55bf3af788b8774e97') in 0.017683 seconds
  Import took 0.022320 seconds .

========================================================================
Received Import Request.
  Time since last request: 0.000630 seconds.
  path: Packages/com.unity.quicksearch/Templates/Prefabs.index.template
  artifactKey: Guid(b6a20fc515ed5d44ab74dafd435769c4) Importer(815301076,1909f56bfc062723c751e8b465ee728b)
Start importing Packages/com.unity.quicksearch/Templates/Prefabs.index.template using Guid(b6a20fc515ed5d44ab74dafd435769c4) Importer(815301076,1909f56bfc062723c751e8b465ee728b)  -> (artifact id: '1b09bfbe2e80af5983256cd40f2a4bb3') in 0.023073 seconds
  Import took 0.026977 seconds .

========================================================================
Received Import Request.
  Time since last request: 0.000333 seconds.
  path: Packages/com.unity.ugui/Editor/UI/PrefabLayoutRebuilder.cs
  artifactKey: Guid(a62706dc421fc9b4fa368a8050a930f7) Importer(815301076,1909f56bfc062723c751e8b465ee728b)
Start importing Packages/com.unity.ugui/Editor/UI/PrefabLayoutRebuilder.cs using Guid(a62706dc421fc9b4fa368a8050a930f7) Importer(815301076,1909f56bfc062723c751e8b465ee728b)  -> (artifact id: '34bd0d6daa4a65390198035fb5b3b658') in 0.016549 seconds
  Import took 0.023225 seconds .

========================================================================
Received Import Request.
  Time since last request: 0.001125 seconds.
  path: Packages/com.unity.collab-proxy/Editor/Models/Structures/IProgressInfo.cs
  artifactKey: Guid(d0f575ad752150f40ab16bb26ee52665) Importer(815301076,1909f56bfc062723c751e8b465ee728b)
Start importing Packages/com.unity.collab-proxy/Editor/Models/Structures/IProgressInfo.cs using Guid(d0f575ad752150f40ab16bb26ee52665) Importer(815301076,1909f56bfc062723c751e8b465ee728b)  -> (artifact id: '1137bcd7f7302bcbc03bab24af0073d0') in 0.018636 seconds
  Import took 0.025722 seconds .

AssetImportWorkerClient::OnTransportError - code=2 error=End of file
